TN:
SF:/Users/ens/pwd/uxcore/uxcore-other-form-field/src/index.js
FN:12,_interopRequireDefault
FNF:1
FNH:1
FNDA:1,_interopRequireDefault
DA:3,1
DA:6,1
DA:8,1
DA:10,1
DA:12,1
DA:14,1
DA:22,1
LF:7
LH:7
BRDA:12,1,0,0
BRDA:12,1,1,1
BRDA:12,2,0,1
BRDA:12,2,1,1
BRF:4
BRH:3
end_of_record
TN:
SF:/Users/ens/pwd/uxcore/uxcore-other-form-field/src/OtherFormField.jsx
FN:23,_interopRequireDefault
FN:25,_defaults
FN:27,_defineProperty
FN:29,_classCallCheck
FN:31,_possibleConstructorReturn
FN:33,_inherits
FN:41,(anonymous_7)
FN:44,OtherFormField
FN:50,render
FNF:9
FNH:9
FNDA:4,_interopRequireDefault
FNDA:1,_defaults
FNDA:2,_defineProperty
FNDA:1,_classCallCheck
FNDA:1,_possibleConstructorReturn
FNDA:1,_inherits
FNDA:1,(anonymous_7)
FNDA:1,OtherFormField
FNDA:1,render
DA:3,1
DA:7,1
DA:9,1
DA:11,1
DA:13,1
DA:15,1
DA:17,1
DA:19,1
DA:21,1
DA:23,4
DA:25,5
DA:27,2
DA:29,1
DA:31,1
DA:33,1
DA:41,1
DA:42,1
DA:44,1
DA:45,1
DA:47,1
DA:50,1
DA:51,1
DA:53,1
DA:54,1
DA:57,1
DA:69,1
DA:72,1
DA:78,1
DA:95,1
DA:97,1
DA:98,1
LF:31
LH:31
BRDA:23,1,0,0
BRDA:23,1,1,4
BRDA:23,2,0,4
BRDA:23,2,1,4
BRDA:25,3,0,0
BRDA:25,3,1,5
BRDA:25,4,0,5
BRDA:25,4,1,5
BRDA:25,4,2,0
BRDA:27,5,0,0
BRDA:27,5,1,2
BRDA:29,6,0,0
BRDA:29,6,1,1
BRDA:31,7,0,0
BRDA:31,7,1,1
BRDA:31,8,0,0
BRDA:31,8,1,1
BRDA:31,9,0,1
BRDA:31,9,1,0
BRDA:31,9,2,0
BRDA:33,10,0,0
BRDA:33,10,1,1
BRDA:33,11,0,1
BRDA:33,11,1,0
BRDA:33,12,0,1
BRDA:33,12,1,1
BRDA:33,13,0,1
BRDA:33,13,1,0
BRDA:33,14,0,0
BRDA:33,14,1,1
BRDA:62,15,0,1
BRDA:62,15,1,0
BRF:32
BRH:18
end_of_record
